#-----------------------------------------------------------
# Vivado v2019.1 (64-bit)
# SW Build 2552052 on Fri May 24 14:49:42 MDT 2019
# IP Build 2548770 on Fri May 24 18:01:18 MDT 2019
# Start of session at: Wed Nov 13 11:40:36 2019
# Process ID: 11668
# Current directory: C:/repos/Embedded-Operating-System/Assignment_1/FPGA/PongDesign
# Command line: vivado.exe -gui_launcher_event rodinguilauncherevent14120 C:\repos\Embedded-Operating-System\Assignment_1\FPGA\PongDesign\PongDesign.xpr
# Log file: C:/repos/Embedded-Operating-System/Assignment_1/FPGA/PongDesign/vivado.log
# Journal file: C:/repos/Embedded-Operating-System/Assignment_1/FPGA/PongDesign\vivado.jou
#-----------------------------------------------------------
start_gui
open_project C:/repos/Embedded-Operating-System/Assignment_1/FPGA/PongDesign/PongDesign.xpr
INFO: [Project 1-313] Project file moved from 'C:/EOS/Embedded-Operating-System/Assignment_1/FPGA/PongDesign' since last save.
Scanning sources...
Finished scanning sources
INFO: [IP_Flow 19-234] Refreshing IP repositories
INFO: [IP_Flow 19-1700] Loaded user IP repository 'c:/repos/Embedded-Operating-System/Assignment_1/ip_repo'.
INFO: [IP_Flow 19-2313] Loaded Vivado IP repository 'C:/Xilinx/Vivado/2019.1/data/ip'.
open_project: Time (s): cpu = 00:00:26 ; elapsed = 00:00:11 . Memory (MB): peak = 913.266 ; gain = 62.906
update_compile_order -fileset sources_1
reset_run impl_1
launch_runs impl_1 -jobs 8
[Wed Nov 13 11:41:26 2019] Launched impl_1...
Run output will be captured here: C:/repos/Embedded-Operating-System/Assignment_1/FPGA/PongDesign/PongDesign.runs/impl_1/runme.log
reset_run impl_1
WARNING: [Vivado 12-1017] Problems encountered:
1. PID not specified

reset_run synth_1
launch_runs impl_1 -to_step write_bitstream -jobs 8
[Wed Nov 13 11:41:47 2019] Launched synth_1...
Run output will be captured here: C:/repos/Embedded-Operating-System/Assignment_1/FPGA/PongDesign/PongDesign.runs/synth_1/runme.log
[Wed Nov 13 11:41:47 2019] Launched impl_1...
Run output will be captured here: C:/repos/Embedded-Operating-System/Assignment_1/FPGA/PongDesign/PongDesign.runs/impl_1/runme.log
open_hw
connect_hw_server
INFO: [Labtools 27-2285] Connecting to hw_server url TCP:localhost:3121
INFO: [Labtools 27-2222] Launching hw_server...
INFO: [Labtools 27-2221] Launch Output:

****** Xilinx hw_server v2019.1
  **** Build date : May 24 2019 at 15:13:31
    ** Copyright 1986-2019 Xilinx, Inc. All Rights Reserved.


open_hw_target
INFO: [Labtoolstcl 44-466] Opening hw_target localhost:3121/xilinx_tcf/Xilinx/1234-oj1A
open_hw_target: Time (s): cpu = 00:00:07 ; elapsed = 00:00:10 . Memory (MB): peak = 1932.320 ; gain = 1019.055
set_property PROGRAM.FILE {C:/repos/Embedded-Operating-System/Assignment_1/FPGA/PongDesign/PongDesign.runs/impl_1/design_1_wrapper.bit} [get_hw_devices xc7z007s_1]
file copy -force C:/repos/Embedded-Operating-System/Assignment_1/FPGA/PongDesign/PongDesign.runs/impl_1/design_1_wrapper.sysdef C:/repos/Embedded-Operating-System/Assignment_1/FPGA/PongDesign/PongDesign.sdk/design_1_wrapper.hdf

launch_sdk -workspace C:/repos/Embedded-Operating-System/Assignment_1/FPGA/PongDesign/PongDesign.sdk -hwspec C:/repos/Embedded-Operating-System/Assignment_1/FPGA/PongDesign/PongDesign.sdk/design_1_wrapper.hdf
INFO: [Vivado 12-393] Launching SDK...
INFO: [Vivado 12-417] Running xsdk -workspace C:/repos/Embedded-Operating-System/Assignment_1/FPGA/PongDesign/PongDesign.sdk -hwspec C:/repos/Embedded-Operating-System/Assignment_1/FPGA/PongDesign/PongDesign.sdk/design_1_wrapper.hdf
INFO: [Vivado 12-3157] SDK launch initiated. Please check console for any further messages.
ERROR: [Labtoolstcl 44-513] HW Target shutdown. Closing target: localhost:3121/xilinx_tcf/Xilinx/1234-oj1A
INFO: [Labtoolstcl 44-466] Opening hw_target localhost:3121/xilinx_tcf/Xilinx/1234-oj1A
WARNING: [Labtoolstcl 44-129] No matching hw_ila_data was found.
INFO: [Labtools 27-1435] Device xc7z007s (JTAG device index = 1) is not programmed (DONE status = 0).
WARNING: [Labtoolstcl 44-129] No matching hw_ila_data was found.
ERROR: [Labtoolstcl 44-513] HW Target shutdown. Closing target: localhost:3121/xilinx_tcf/Xilinx/1234-oj1A
INFO: [Labtoolstcl 44-466] Opening hw_target localhost:3121/xilinx_tcf/Xilinx/1234-oj1A
WARNING: [Labtoolstcl 44-129] No matching hw_ila_data was found.
INFO: [Labtools 27-1435] Device xc7z007s (JTAG device index = 1) is not programmed (DONE status = 0).
WARNING: [Labtoolstcl 44-129] No matching hw_ila_data was found.
ERROR: [Labtoolstcl 44-513] HW Target shutdown. Closing target: localhost:3121/xilinx_tcf/Xilinx/1234-oj1A
INFO: [Labtoolstcl 44-466] Opening hw_target localhost:3121/xilinx_tcf/Xilinx/1234-oj1A
WARNING: [Labtoolstcl 44-129] No matching hw_ila_data was found.
INFO: [Labtools 27-1435] Device xc7z007s (JTAG device index = 1) is not programmed (DONE status = 0).
WARNING: [Labtoolstcl 44-129] No matching hw_ila_data was found.
ERROR: [Labtoolstcl 44-513] HW Target shutdown. Closing target: localhost:3121/xilinx_tcf/Xilinx/1234-oj1A
INFO: [Labtoolstcl 44-466] Opening hw_target localhost:3121/xilinx_tcf/Xilinx/1234-oj1A
WARNING: [Labtoolstcl 44-129] No matching hw_ila_data was found.
INFO: [Labtools 27-1435] Device xc7z007s (JTAG device index = 1) is not programmed (DONE status = 0).
WARNING: [Labtoolstcl 44-129] No matching hw_ila_data was found.
ERROR: [Labtoolstcl 44-513] HW Target shutdown. Closing target: localhost:3121/xilinx_tcf/Xilinx/1234-oj1A
INFO: [Labtoolstcl 44-466] Opening hw_target localhost:3121/xilinx_tcf/Xilinx/1234-oj1A
WARNING: [Labtoolstcl 44-129] No matching hw_ila_data was found.
INFO: [Labtools 27-1435] Device xc7z007s (JTAG device index = 1) is not programmed (DONE status = 0).
WARNING: [Labtoolstcl 44-129] No matching hw_ila_data was found.
ERROR: [Labtoolstcl 44-513] HW Target shutdown. Closing target: localhost:3121/xilinx_tcf/Xilinx/1234-oj1A
INFO: [Labtoolstcl 44-466] Opening hw_target localhost:3121/xilinx_tcf/Xilinx/1234-oj1A
WARNING: [Labtoolstcl 44-129] No matching hw_ila_data was found.
INFO: [Labtools 27-1435] Device xc7z007s (JTAG device index = 1) is not programmed (DONE status = 0).
WARNING: [Labtoolstcl 44-129] No matching hw_ila_data was found.
ERROR: [Labtoolstcl 44-513] HW Target shutdown. Closing target: localhost:3121/xilinx_tcf/Xilinx/1234-oj1A
INFO: [Labtoolstcl 44-466] Opening hw_target localhost:3121/xilinx_tcf/Xilinx/1234-oj1A
WARNING: [Labtoolstcl 44-129] No matching hw_ila_data was found.
INFO: [Labtools 27-1435] Device xc7z007s (JTAG device index = 1) is not programmed (DONE status = 0).
WARNING: [Labtoolstcl 44-129] No matching hw_ila_data was found.
exit
INFO: [Common 17-206] Exiting Vivado at Wed Nov 13 15:37:49 2019...
