#-----------------------------------------------------------
# Vivado v2019.1 (64-bit)
# SW Build 2552052 on Fri May 24 14:49:42 MDT 2019
# IP Build 2548770 on Fri May 24 18:01:18 MDT 2019
# Start of session at: Thu Nov 28 19:53:56 2019
# Process ID: 3276
# Current directory: C:/repos/Embedded-Operating-System/Assignment_1/FPGA/PongDesign
# Command line: vivado.exe -gui_launcher_event rodinguilauncherevent8448 C:\repos\Embedded-Operating-System\Assignment_1\FPGA\PongDesign\PongDesign.xpr
# Log file: C:/repos/Embedded-Operating-System/Assignment_1/FPGA/PongDesign/vivado.log
# Journal file: C:/repos/Embedded-Operating-System/Assignment_1/FPGA/PongDesign\vivado.jou
#-----------------------------------------------------------
start_gui
open_project C:/repos/Embedded-Operating-System/Assignment_1/FPGA/PongDesign/PongDesign.xpr
INFO: [Project 1-313] Project file moved from 'C:/EOS/Embedded-Operating-System/Assignment_1/FPGA/PongDesign' since last save.
Scanning sources...
Finished scanning sources
INFO: [IP_Flow 19-234] Refreshing IP repositories
INFO: [IP_Flow 19-1700] Loaded user IP repository 'c:/repos/Embedded-Operating-System/Assignment_1/ip_repo'.
INFO: [IP_Flow 19-2313] Loaded Vivado IP repository 'C:/Xilinx/Vivado/2019.1/data/ip'.
open_project: Time (s): cpu = 00:00:12 ; elapsed = 00:00:09 . Memory (MB): peak = 685.629 ; gain = 100.371
update_compile_order -fileset sources_1
exit
INFO: [Common 17-206] Exiting Vivado at Thu Nov 28 19:54:50 2019...
