09:09:39 INFO  : Registering command handlers for SDK TCF services
09:09:40 INFO  : Launching XSCT server: xsct.bat -interactive C:\EOS\Embedded-Operating-System\RTOsAnalyzer\RTOsAnalyzer.sdk\temp_xsdb_launch_script.tcl
09:09:44 INFO  : XSCT server has started successfully.
09:09:48 INFO  : Processing command line option -hwspec C:/EOS/Embedded-Operating-System/RTOsAnalyzer/RTOsAnalyzer.sdk/design_1_wrapper.hdf.
09:09:48 INFO  : Successfully done setting XSCT server connection channel  
09:09:48 INFO  : Successfully done setting SDK workspace  
09:14:28 ERROR : Failed to closesw "C:/EOS/Embedded-Operating-System/RTOsAnalyzer/RTOsAnalyzer.sdk/FreeRTOS_Trace_bsp/system.mss"
Reason: Cannot close sw design 'C:/EOS/Embedded-Operating-System/RTOsAnalyzer/RTOsAnalyzer.sdk/FreeRTOS_Trace_bsp/system.mss'.
Design is not opened in the current session.


09:45:52 INFO  : Registering command handlers for SDK TCF services
09:45:54 INFO  : Launching XSCT server: xsct.bat -interactive C:\EOS\Embedded-Operating-System\RTOsAnalyzer\RTOsAnalyzer.sdk\temp_xsdb_launch_script.tcl
09:46:03 INFO  : XSCT server has started successfully.
09:46:04 INFO  : Processing command line option -hwspec C:/EOS/Embedded-Operating-System/RTOsAnalyzer/RTOsAnalyzer.sdk/design_1_wrapper.hdf.
09:46:04 INFO  : Successfully done setting XSCT server connection channel  
09:46:04 INFO  : Checking for hwspec changes in the project design_1_wrapper_hw_platform_0.
09:46:13 INFO  : Successfully done setting SDK workspace  
12:50:48 INFO  : Connected to target on host '127.0.0.1' and port '3121'.
12:50:51 INFO  : 'targets -set -filter {jtag_cable_name =~ "Avnet MiniZed V1 1234-oj1A" && level==0} -index 1' command is executed.
12:50:52 INFO  : FPGA configured successfully with bitstream "C:/EOS/Embedded-Operating-System/RTOsAnalyzer/RTOsAnalyzer.sdk/design_1_wrapper_hw_platform_0/design_1_wrapper.bit"
12:55:52 INFO  : Registering command handlers for SDK TCF services
12:55:55 INFO  : Launching XSCT server: xsct.bat -interactive C:\EOS\Embedded-Operating-System\RTOsAnalyzer\RTOsAnalyzer.sdk\temp_xsdb_launch_script.tcl
12:56:01 INFO  : XSCT server has started successfully.
12:56:07 INFO  : Successfully done setting XSCT server connection channel  
12:56:20 INFO  : Successfully done setting SDK workspace  
13:07:35 INFO  : 'targets -set -filter {jtag_cable_name =~ "Avnet MiniZed V1 1234-oj1A" && level==0} -index 1' command is executed.
13:07:35 INFO  : 'fpga -state' command is executed.
13:07:52 INFO  : Memory regions updated for context APU
13:07:55 INFO  : Connected to target on host '127.0.0.1' and port '3121'.
13:07:56 INFO  : 'targets -set -filter {jtag_cable_name =~ "Avnet MiniZed V1 1234-oj1A" && level==0} -index 1' command is executed.
13:07:57 INFO  : FPGA configured successfully with bitstream "C:/EOS/Embedded-Operating-System/RTOsAnalyzer/RTOsAnalyzer.sdk/design_1_wrapper_hw_platform_0/design_1_wrapper.bit"
13:08:03 INFO  : 'targets -set -filter {jtag_cable_name =~ "Avnet MiniZed V1 1234-oj1A" && level==0} -index 1' command is executed.
13:08:03 INFO  : 'fpga -state' command is executed.
13:08:03 INFO  : Connected to target on host '127.0.0.1' and port '3121'.
13:08:03 INFO  : Jtag cable 'Avnet MiniZed V1 1234-oj1A' is selected.
13:08:03 INFO  : 'jtag frequency' command is executed.
13:08:03 INFO  : Sourcing of 'C:/EOS/Embedded-Operating-System/RTOsAnalyzer/RTOsAnalyzer.sdk/design_1_wrapper_hw_platform_0/ps7_init.tcl' is done.
13:08:03 INFO  : Context for 'APU' is selected.
13:08:03 INFO  : Hardware design information is loaded from 'C:/EOS/Embedded-Operating-System/RTOsAnalyzer/RTOsAnalyzer.sdk/design_1_wrapper_hw_platform_0/system.hdf'.
13:08:03 INFO  : 'configparams force-mem-access 1' command is executed.
13:08:04 INFO  : Context for 'APU' is selected.
13:08:04 INFO  : 'stop' command is executed.
13:08:04 INFO  : 'ps7_init' command is executed.
13:08:04 INFO  : 'ps7_post_config' command is executed.
13:08:04 INFO  : Context for processor 'ps7_cortexa9_0' is selected.
13:08:04 INFO  : Processor reset is completed for 'ps7_cortexa9_0'.
13:08:04 INFO  : Context for processor 'ps7_cortexa9_0' is selected.
13:08:05 INFO  : The application 'C:/EOS/Embedded-Operating-System/RTOsAnalyzer/RTOsAnalyzer.sdk/FreeRTOS_Trace/Debug/FreeRTOS_Trace.elf' is downloaded to processor 'ps7_cortexa9_0'.
13:08:05 INFO  : 'configparams force-mem-access 0' command is executed.
13:08:05 INFO  : ----------------XSDB Script----------------
connect -url tcp:127.0.0.1:3121
source C:/EOS/Embedded-Operating-System/RTOsAnalyzer/RTOsAnalyzer.sdk/design_1_wrapper_hw_platform_0/ps7_init.tcl
targets -set -nocase -filter {name =~"APU*" && jtag_cable_name =~ "Avnet MiniZed V1 1234-oj1A"} -index 0
loadhw -hw C:/EOS/Embedded-Operating-System/RTOsAnalyzer/RTOsAnalyzer.sdk/design_1_wrapper_hw_platform_0/system.hdf -mem-ranges [list {0x40000000 0xbfffffff}]
configparams force-mem-access 1
targets -set -nocase -filter {name =~"APU*" && jtag_cable_name =~ "Avnet MiniZed V1 1234-oj1A"} -index 0
stop
ps7_init
ps7_post_config
targets -set -nocase -filter {name =~ "ARM*#0" && jtag_cable_name =~ "Avnet MiniZed V1 1234-oj1A"} -index 0
rst -processor
targets -set -nocase -filter {name =~ "ARM*#0" && jtag_cable_name =~ "Avnet MiniZed V1 1234-oj1A"} -index 0
dow C:/EOS/Embedded-Operating-System/RTOsAnalyzer/RTOsAnalyzer.sdk/FreeRTOS_Trace/Debug/FreeRTOS_Trace.elf
configparams force-mem-access 0
----------------End of Script----------------

13:08:05 INFO  : Memory regions updated for context APU
13:08:05 INFO  : Context for processor 'ps7_cortexa9_0' is selected.
13:08:05 INFO  : 'con' command is executed.
13:08:05 INFO  : ----------------XSDB Script (After Launch)----------------
targets -set -nocase -filter {name =~ "ARM*#0" && jtag_cable_name =~ "Avnet MiniZed V1 1234-oj1A"} -index 0
con
----------------End of Script----------------

13:08:05 INFO  : Launch script is exported to file 'C:\EOS\Embedded-Operating-System\RTOsAnalyzer\RTOsAnalyzer.sdk\.sdk\launch_scripts\xilinx_c-c++_application_(system_debugger)\system_debugger_using_debug_freertos_trace.elf_on_local.tcl'
13:08:45 INFO  : 'targets -set -filter {jtag_cable_name =~ "Avnet MiniZed V1 1234-oj1A" && level==0} -index 1' command is executed.
13:08:45 INFO  : 'fpga -state' command is executed.
13:08:45 INFO  : Connected to target on host '127.0.0.1' and port '3121'.
13:08:46 INFO  : Jtag cable 'Avnet MiniZed V1 1234-oj1A' is selected.
13:08:46 INFO  : 'jtag frequency' command is executed.
13:08:46 INFO  : Sourcing of 'C:/EOS/Embedded-Operating-System/RTOsAnalyzer/RTOsAnalyzer.sdk/design_1_wrapper_hw_platform_0/ps7_init.tcl' is done.
13:08:46 INFO  : Context for 'APU' is selected.
13:08:46 INFO  : Hardware design information is loaded from 'C:/EOS/Embedded-Operating-System/RTOsAnalyzer/RTOsAnalyzer.sdk/design_1_wrapper_hw_platform_0/system.hdf'.
13:08:46 INFO  : 'configparams force-mem-access 1' command is executed.
13:08:47 INFO  : Context for 'APU' is selected.
13:08:47 INFO  : 'stop' command is executed.
13:08:47 INFO  : 'ps7_init' command is executed.
13:08:47 INFO  : 'ps7_post_config' command is executed.
13:08:47 INFO  : Context for processor 'ps7_cortexa9_0' is selected.
13:08:48 INFO  : Processor reset is completed for 'ps7_cortexa9_0'.
13:08:48 INFO  : Context for processor 'ps7_cortexa9_0' is selected.
13:08:48 INFO  : The application 'C:/EOS/Embedded-Operating-System/RTOsAnalyzer/RTOsAnalyzer.sdk/FreeRTOS_Trace/Debug/FreeRTOS_Trace.elf' is downloaded to processor 'ps7_cortexa9_0'.
13:08:48 INFO  : 'configparams force-mem-access 0' command is executed.
13:08:48 INFO  : ----------------XSDB Script----------------
connect -url tcp:127.0.0.1:3121
source C:/EOS/Embedded-Operating-System/RTOsAnalyzer/RTOsAnalyzer.sdk/design_1_wrapper_hw_platform_0/ps7_init.tcl
targets -set -nocase -filter {name =~"APU*" && jtag_cable_name =~ "Avnet MiniZed V1 1234-oj1A"} -index 0
loadhw -hw C:/EOS/Embedded-Operating-System/RTOsAnalyzer/RTOsAnalyzer.sdk/design_1_wrapper_hw_platform_0/system.hdf -mem-ranges [list {0x40000000 0xbfffffff}]
configparams force-mem-access 1
targets -set -nocase -filter {name =~"APU*" && jtag_cable_name =~ "Avnet MiniZed V1 1234-oj1A"} -index 0
stop
ps7_init
ps7_post_config
targets -set -nocase -filter {name =~ "ARM*#0" && jtag_cable_name =~ "Avnet MiniZed V1 1234-oj1A"} -index 0
rst -processor
targets -set -nocase -filter {name =~ "ARM*#0" && jtag_cable_name =~ "Avnet MiniZed V1 1234-oj1A"} -index 0
dow C:/EOS/Embedded-Operating-System/RTOsAnalyzer/RTOsAnalyzer.sdk/FreeRTOS_Trace/Debug/FreeRTOS_Trace.elf
configparams force-mem-access 0
----------------End of Script----------------

13:08:52 INFO  : Disconnected from the channel tcfchan#1.
13:09:17 WARN  : channel "tcfchan#1" closed
13:09:38 INFO  : Connected to target on host '127.0.0.1' and port '3121'.
13:09:39 INFO  : Jtag cable 'Avnet MiniZed V1 1234-oj1A' is selected.
13:09:39 INFO  : 'jtag frequency' command is executed.
13:09:39 INFO  : Sourcing of 'C:/EOS/Embedded-Operating-System/RTOsAnalyzer/RTOsAnalyzer.sdk/design_1_wrapper_hw_platform_0/ps7_init.tcl' is done.
13:09:39 INFO  : 'targets -set -filter {jtag_cable_name =~ "Avnet MiniZed V1 1234-oj1A" && level==0} -index 1' command is executed.
13:09:40 INFO  : FPGA configured successfully with bitstream "C:/EOS/Embedded-Operating-System/RTOsAnalyzer/RTOsAnalyzer.sdk/design_1_wrapper_hw_platform_0/design_1_wrapper.bit"
13:09:40 INFO  : Context for 'APU' is selected.
13:09:44 INFO  : Hardware design information is loaded from 'C:/EOS/Embedded-Operating-System/RTOsAnalyzer/RTOsAnalyzer.sdk/design_1_wrapper_hw_platform_0/system.hdf'.
13:09:44 INFO  : 'configparams force-mem-access 1' command is executed.
13:09:44 INFO  : Context for 'APU' is selected.
13:09:45 INFO  : 'stop' command is executed.
13:09:45 INFO  : 'ps7_init' command is executed.
13:09:45 INFO  : 'ps7_post_config' command is executed.
13:09:45 INFO  : Context for processor 'ps7_cortexa9_0' is selected.
13:09:45 INFO  : Processor reset is completed for 'ps7_cortexa9_0'.
13:09:45 INFO  : Context for processor 'ps7_cortexa9_0' is selected.
13:09:46 INFO  : The application 'C:/EOS/Embedded-Operating-System/RTOsAnalyzer/RTOsAnalyzer.sdk/FreeRTOS_Trace/Debug/FreeRTOS_Trace.elf' is downloaded to processor 'ps7_cortexa9_0'.
13:09:46 INFO  : 'configparams force-mem-access 0' command is executed.
13:09:46 INFO  : ----------------XSDB Script----------------
connect -url tcp:127.0.0.1:3121
source C:/EOS/Embedded-Operating-System/RTOsAnalyzer/RTOsAnalyzer.sdk/design_1_wrapper_hw_platform_0/ps7_init.tcl
targets -set -filter {jtag_cable_name =~ "Avnet MiniZed V1 1234-oj1A" && level==0} -index 1
fpga -file C:/EOS/Embedded-Operating-System/RTOsAnalyzer/RTOsAnalyzer.sdk/design_1_wrapper_hw_platform_0/design_1_wrapper.bit
targets -set -nocase -filter {name =~"APU*" && jtag_cable_name =~ "Avnet MiniZed V1 1234-oj1A"} -index 0
loadhw -hw C:/EOS/Embedded-Operating-System/RTOsAnalyzer/RTOsAnalyzer.sdk/design_1_wrapper_hw_platform_0/system.hdf -mem-ranges [list {0x40000000 0xbfffffff}]
configparams force-mem-access 1
targets -set -nocase -filter {name =~"APU*" && jtag_cable_name =~ "Avnet MiniZed V1 1234-oj1A"} -index 0
stop
ps7_init
ps7_post_config
targets -set -nocase -filter {name =~ "ARM*#0" && jtag_cable_name =~ "Avnet MiniZed V1 1234-oj1A"} -index 0
rst -processor
targets -set -nocase -filter {name =~ "ARM*#0" && jtag_cable_name =~ "Avnet MiniZed V1 1234-oj1A"} -index 0
dow C:/EOS/Embedded-Operating-System/RTOsAnalyzer/RTOsAnalyzer.sdk/FreeRTOS_Trace/Debug/FreeRTOS_Trace.elf
configparams force-mem-access 0
----------------End of Script----------------

13:09:47 INFO  : Disconnected from the channel tcfchan#2.
13:40:26 INFO  : Connected to target on host '127.0.0.1' and port '3121'.
13:40:27 INFO  : Jtag cable 'Avnet MiniZed V1 1234-oj1A' is selected.
13:40:27 INFO  : 'jtag frequency' command is executed.
13:40:27 INFO  : Sourcing of 'C:/EOS/Embedded-Operating-System/RTOsAnalyzer/RTOsAnalyzer.sdk/design_1_wrapper_hw_platform_0/ps7_init.tcl' is done.
13:40:28 INFO  : 'targets -set -filter {jtag_cable_name =~ "Avnet MiniZed V1 1234-oj1A" && level==0} -index 1' command is executed.
13:40:29 INFO  : FPGA configured successfully with bitstream "C:/EOS/Embedded-Operating-System/RTOsAnalyzer/RTOsAnalyzer.sdk/design_1_wrapper_hw_platform_0/design_1_wrapper.bit"
13:40:29 INFO  : Context for 'APU' is selected.
13:40:29 INFO  : Hardware design information is loaded from 'C:/EOS/Embedded-Operating-System/RTOsAnalyzer/RTOsAnalyzer.sdk/design_1_wrapper_hw_platform_0/system.hdf'.
13:40:29 INFO  : 'configparams force-mem-access 1' command is executed.
13:40:29 INFO  : Context for 'APU' is selected.
13:40:29 INFO  : 'stop' command is executed.
13:40:30 INFO  : 'ps7_init' command is executed.
13:40:30 INFO  : 'ps7_post_config' command is executed.
13:40:30 INFO  : Context for processor 'ps7_cortexa9_0' is selected.
13:40:30 INFO  : Processor reset is completed for 'ps7_cortexa9_0'.
13:40:30 INFO  : Context for processor 'ps7_cortexa9_0' is selected.
13:40:31 INFO  : The application 'C:/EOS/Embedded-Operating-System/RTOsAnalyzer/RTOsAnalyzer.sdk/FreeRTOS_Trace/Debug/FreeRTOS_Trace.elf' is downloaded to processor 'ps7_cortexa9_0'.
13:40:31 INFO  : 'configparams force-mem-access 0' command is executed.
13:40:31 INFO  : ----------------XSDB Script----------------
connect -url tcp:127.0.0.1:3121
source C:/EOS/Embedded-Operating-System/RTOsAnalyzer/RTOsAnalyzer.sdk/design_1_wrapper_hw_platform_0/ps7_init.tcl
targets -set -filter {jtag_cable_name =~ "Avnet MiniZed V1 1234-oj1A" && level==0} -index 1
fpga -file C:/EOS/Embedded-Operating-System/RTOsAnalyzer/RTOsAnalyzer.sdk/design_1_wrapper_hw_platform_0/design_1_wrapper.bit
targets -set -nocase -filter {name =~"APU*" && jtag_cable_name =~ "Avnet MiniZed V1 1234-oj1A"} -index 0
loadhw -hw C:/EOS/Embedded-Operating-System/RTOsAnalyzer/RTOsAnalyzer.sdk/design_1_wrapper_hw_platform_0/system.hdf -mem-ranges [list {0x40000000 0xbfffffff}]
configparams force-mem-access 1
targets -set -nocase -filter {name =~"APU*" && jtag_cable_name =~ "Avnet MiniZed V1 1234-oj1A"} -index 0
stop
ps7_init
ps7_post_config
targets -set -nocase -filter {name =~ "ARM*#0" && jtag_cable_name =~ "Avnet MiniZed V1 1234-oj1A"} -index 0
rst -processor
targets -set -nocase -filter {name =~ "ARM*#0" && jtag_cable_name =~ "Avnet MiniZed V1 1234-oj1A"} -index 0
dow C:/EOS/Embedded-Operating-System/RTOsAnalyzer/RTOsAnalyzer.sdk/FreeRTOS_Trace/Debug/FreeRTOS_Trace.elf
configparams force-mem-access 0
----------------End of Script----------------

13:40:32 INFO  : Disconnected from the channel tcfchan#3.
