20:04:11 **** Incremental Build of configuration Debug for project PongFuncTests ****
make pre-build main-build 
a9-linaro-pre-build-step
' '
'Building file: ../src/helloworld.c'
'Invoking: ARM v7 gcc compiler'
arm-none-eabi-gcc -Wall -O0 -g3 -c -fmessage-length=0 -MT"src/helloworld.o" -mcpu=cortex-a9 -mfpu=vfpv3 -mfloat-abi=hard -I../../PongFuncTests_bsp/ps7_cortexa9_0/include -MMD -MP -MF"src/helloworld.d" -MT"src/helloworld.o" -o "src/helloworld.o" "../src/helloworld.c"
../src/helloworld.c:21:16: warning: 'packed' attribute ignored [-Wattributes]
 typedef struct uint24_t __attribute__((packed)) uint24_t;
                ^~~~~~~~
../src/helloworld.c: In function 'main':
../src/helloworld.c:49:11: warning: implicit declaration of function 'rand'; did you mean 'nanl'? [-Wimplicit-function-declaration]
     BallX=rand(4)+2;
           ^~~~
           nanl
../src/helloworld.c: In function 'drawLine':
../src/helloworld.c:123:6: warning: implicit declaration of function 'abs' [-Wimplicit-function-declaration]
 dx = abs (x2-x1);
      ^~~
'Finished building: ../src/helloworld.c'
' '
'Building target: PongFuncTests.elf'
'Invoking: ARM v7 gcc linker'
arm-none-eabi-gcc -mcpu=cortex-a9 -mfpu=vfpv3 -mfloat-abi=hard -Wl,-build-id=none -specs=Xilinx.spec -Wl,-T -Wl,../src/lscript.ld -L../../PongFuncTests_bsp/ps7_cortexa9_0/lib -o "PongFuncTests.elf"  ./src/helloworld.o ./src/platform.o   -Wl,--start-group,-lxil,-lgcc,-lc,--end-group
'Finished building target: PongFuncTests.elf'
' '
'Invoking: ARM v7 Print Size'
arm-none-eabi-size PongFuncTests.elf  |tee "PongFuncTests.elf.size"
   text	   data	    bss	    dec	    hex	filename
  58940	   2584	  23808	  85332	  14d54	PongFuncTests.elf
'Finished building: PongFuncTests.elf.size'
' '
